<?xml version="1.0" encoding="UTF-8"?>
<testsuite xmlns:xsi="http://www.w3.org/2001/XMLSchema-instance" xsi:noNamespaceSchemaLocation="https://maven.apache.org/surefire/maven-surefire-plugin/xsd/surefire-test-report-3.0.xsd" version="3.0" name="TestSuite" time="441.155" tests="45" errors="0" skipped="0" failures="0">
  <properties>
[...]
</properties>
  <testcase name="Register_01_InputEmptyData" classname="com.nopcommerce.user.User_01_RegisterNewAccount" time="0.572">
    <system-out><![CDATA[[TestNGContentHandler] [WARN] It is strongly recommended to add "<!DOCTYPE suite SYSTEM "http://testng.org/testng-1.0.dtd" >" at the top of your file, otherwise TestNG may fail or not work as expected.
]]></system-out>
    <system-err><![CDATA[SLF4J: No SLF4J providers were found.
SLF4J: Defaulting to no-operation (NOP) logger implementation
SLF4J: See https://www.slf4j.org/codes.html#noProviders for further details.
]]></system-err>
  </testcase>
  <testcase name="Register_02_InputInvalidEmail" classname="com.nopcommerce.user.User_01_RegisterNewAccount" time="1.507"/>
  <testcase name="Register_03_InputExistedEmail" classname="com.nopcommerce.user.User_01_RegisterNewAccount" time="1.482"/>
  <testcase name="Register_04_InputPasswordLessThanSixCharacters" classname="com.nopcommerce.user.User_01_RegisterNewAccount" time="1.188"/>
  <testcase name="Register_05_InputConfirmPasswordNotMatchPassword" classname="com.nopcommerce.user.User_01_RegisterNewAccount" time="1.688"/>
  <testcase name="Login_01_InputEmptyData" classname="com.nopcommerce.user.User_02_LoginAccount" time="0.353"/>
  <testcase name="Login_02_InvalidEmail" classname="com.nopcommerce.user.User_02_LoginAccount" time="1.436"/>
  <testcase name="Login_03_InputUnregisteredEmail" classname="com.nopcommerce.user.User_02_LoginAccount" time="1.208"/>
  <testcase name="Login_04_InputRegisteredEmailAndNoPassword" classname="com.nopcommerce.user.User_02_LoginAccount" time="1.107"/>
  <testcase name="Login_05_InputRegisteredEmailAndWrongPassword" classname="com.nopcommerce.user.User_02_LoginAccount" time="1.171"/>
  <testcase name="Login_06_InputRegisteredEmailAndPassword" classname="com.nopcommerce.user.User_02_LoginAccount" time="1.491"/>
  <testcase name="MyAccount_01_UpdateCustomerInfo" classname="com.nopcommerce.user.User_03_MyAccountInfo" time="3.872"/>
  <testcase name="MyAccount_02_AddAddressInfo" classname="com.nopcommerce.user.User_03_MyAccountInfo" time="5.754"/>
  <testcase name="MyAccount_03_ChangePassword" classname="com.nopcommerce.user.User_03_MyAccountInfo" time="4.858"/>
  <testcase name="MyAccount_04_MyProductReview" classname="com.nopcommerce.user.User_03_MyAccountInfo" time="4.826"/>
  <testcase name="Search_01_InputEmptyData" classname="com.nopcommerce.user.User_04_Search" time="0.553"/>
  <testcase name="Search_02_InputNotExistedData" classname="com.nopcommerce.user.User_04_Search" time="1.129"/>
  <testcase name="Search_03_InputRelativeKeyword" classname="com.nopcommerce.user.User_04_Search" time="1.296"/>
  <testcase name="Search_04_InputAbsoluteKeyword" classname="com.nopcommerce.user.User_04_Search" time="1.144"/>
  <testcase name="Search_05_AdvancedSearchWithParentCategories" classname="com.nopcommerce.user.User_04_Search" time="1.633"/>
  <testcase name="Search_06_AdvancedSearchWithSubCategories" classname="com.nopcommerce.user.User_04_Search" time="1.934"/>
  <testcase name="Search_07_AdvancedSearchWithIncorrectManufacturer" classname="com.nopcommerce.user.User_04_Search" time="2.277"/>
  <testcase name="Search_08_AdvancedSearchWithCorrectManufacturer" classname="com.nopcommerce.user.User_04_Search" time="2.17"/>
  <testcase name="SortAndPaging_01_SortWithNameAscending" classname="com.nopcommerce.user.User_05_SortAndPaging" time="0.98"/>
  <testcase name="SortAndPaging_02_SortWithNameDescending" classname="com.nopcommerce.user.User_05_SortAndPaging" time="0.904"/>
  <testcase name="SortAndPaging_03_SortWithPriceAscending" classname="com.nopcommerce.user.User_05_SortAndPaging" time="0.9"/>
  <testcase name="SortAndPaging_04_SortWithPriceDescending" classname="com.nopcommerce.user.User_05_SortAndPaging" time="0.913"/>
  <testcase name="SortAndPaging_05_DisplayThreeProductsInPage" classname="com.nopcommerce.user.User_05_SortAndPaging" time="1.756"/>
  <testcase name="SortAndPaging_06_DisplaySixProductsInPage" classname="com.nopcommerce.user.User_05_SortAndPaging" time="20.881"/>
  <testcase name="SortAndPaging_07_DisplayNineProductsInPage" classname="com.nopcommerce.user.User_05_SortAndPaging" time="20.946"/>
  <testcase name="WishlistAndCompare_01_AddToWishlist" classname="com.nopcommerce.user.User_06_WishlistAndCompare" time="5.836"/>
  <testcase name="WishlistAndCompare_02_AddProductToCartFromWishlist" classname="com.nopcommerce.user.User_06_WishlistAndCompare" time="16.184"/>
  <testcase name="WishlistAndCompare_03_RemoveProductFromWishlist" classname="com.nopcommerce.user.User_06_WishlistAndCompare" time="4.916"/>
  <testcase name="WishlistAndCompare_04_AddProductToCompare" classname="com.nopcommerce.user.User_06_WishlistAndCompare" time="21.573"/>
  <testcase name="WishlistAndCompare_05_RecentlyViewedProduct" classname="com.nopcommerce.user.User_06_WishlistAndCompare" time="6.33"/>
  <testcase name="Orders_01_AddProductToCart" classname="com.nopcommerce.user.User_07_Orders" time="2.195">
    <system-out><![CDATA[
]]></system-out>
  </testcase>
  <testcase name="Orders_02_EditProductInShoppingCart" classname="com.nopcommerce.user.User_07_Orders" time="11.582">
    <system-out><![CDATA[
]]></system-out>
  </testcase>
  <testcase name="Orders_03_RemoveFromCart" classname="com.nopcommerce.user.User_07_Orders" time="10.54"/>
  <testcase name="Orders_04_UpdateShoppingCart" classname="com.nopcommerce.user.User_07_Orders" time="18.4"/>
  <testcase name="Orders_05_Checkout_QueuePaymentMethod" classname="com.nopcommerce.user.User_07_Orders" time="25.996"/>
  <testcase name="Orders_06_Checkout_CardPaymentMethod" classname="com.nopcommerce.user.User_07_Orders" time="49.675"/>
  <testcase name="Orders_07_ReOrder" classname="com.nopcommerce.user.User_07_Orders" time="57.785"/>
  <testcase name="TC_01_SearchWithProductName" classname="com.nopcommerce.admin.Admin_01_SearchWithProductName" time="2.484"/>
  <testcase name="TC_02_SearchWithSubCategoryIsUnchecked" classname="com.nopcommerce.admin.Admin_01_SearchWithProductName" time="2.542"/>
  <testcase name="TC_03_SearchWithSubCategoryIsChecked" classname="com.nopcommerce.admin.Admin_01_SearchWithProductName" time="2.78"/>
</testsuite>