<?xml version="1.0" encoding="UTF-8"?>
<!-- Generated by org.testng.reporters.JUnitXMLReporter -->
<testsuite ignored="0" hostname="MSI" failures="0" tests="3" name="RUN ON FIREFOX - ADMIN" time="20.163" errors="0" timestamp="22 Nov 2023 06:06:33 GMT">
  <testcase classname="com.nopcommerce.admin.Admin_01_SearchWithProductName" name="TC_01_SearchWithProductName" time="2.486"/>
  <testcase classname="com.nopcommerce.admin.Admin_01_SearchWithProductName" name="TC_02_SearchWithSubCategoryIsUnchecked" time="2.54"/>
  <testcase classname="com.nopcommerce.admin.Admin_01_SearchWithProductName" name="TC_03_SearchWithSubCategoryIsChecked" time="2.78"/>
</testsuite> <!-- RUN ON FIREFOX - ADMIN -->
