<?xml version="1.0" encoding="UTF-8"?>
<!-- Generated by org.testng.reporters.JUnitXMLReporter -->
<testsuite ignored="7" hostname="MSI" failures="0" tests="42" name="RUN ON FIREFOX - USER" time="419.619" errors="0" timestamp="22 Nov 2023 06:06:13 GMT">
  <testcase classname="com.nopcommerce.user.User_01_RegisterNewAccount" name="Register_01_InputEmptyData" time="0.531"/>
  <testcase classname="com.nopcommerce.user.User_01_RegisterNewAccount" name="Register_02_InputInvalidEmail" time="1.507"/>
  <testcase classname="com.nopcommerce.user.User_01_RegisterNewAccount" name="Register_03_InputExistedEmail" time="1.483"/>
  <testcase classname="com.nopcommerce.user.User_01_RegisterNewAccount" name="Register_04_InputPasswordLessThanSixCharacters" time="1.188"/>
  <testcase classname="com.nopcommerce.user.User_01_RegisterNewAccount" name="Register_05_InputConfirmPasswordNotMatchPassword" time="1.688"/>
  <testcase classname="com.nopcommerce.user.User_02_LoginAccount" name="Login_01_InputEmptyData" time="0.354"/>
  <testcase classname="com.nopcommerce.user.User_02_LoginAccount" name="Login_02_InvalidEmail" time="1.437"/>
  <testcase classname="com.nopcommerce.user.User_02_LoginAccount" name="Login_03_InputUnregisteredEmail" time="1.208"/>
  <testcase classname="com.nopcommerce.user.User_02_LoginAccount" name="Login_04_InputRegisteredEmailAndNoPassword" time="1.106"/>
  <testcase classname="com.nopcommerce.user.User_02_LoginAccount" name="Login_05_InputRegisteredEmailAndWrongPassword" time="1.172"/>
  <testcase classname="com.nopcommerce.user.User_02_LoginAccount" name="Login_06_InputRegisteredEmailAndPassword" time="1.492"/>
  <testcase classname="com.nopcommerce.user.User_03_MyAccountInfo" name="MyAccount_01_UpdateCustomerInfo" time="3.925"/>
  <testcase classname="com.nopcommerce.user.User_03_MyAccountInfo" name="MyAccount_02_AddAddressInfo" time="5.751"/>
  <testcase classname="com.nopcommerce.user.User_03_MyAccountInfo" name="MyAccount_03_ChangePassword" time="4.852"/>
  <testcase classname="com.nopcommerce.user.User_03_MyAccountInfo" name="MyAccount_04_MyProductReview" time="4.826"/>
  <testcase classname="com.nopcommerce.user.User_04_Search" name="Search_01_InputEmptyData" time="0.556"/>
  <testcase classname="com.nopcommerce.user.User_04_Search" name="Search_02_InputNotExistedData" time="1.129"/>
  <testcase classname="com.nopcommerce.user.User_04_Search" name="Search_03_InputRelativeKeyword" time="1.297"/>
  <testcase classname="com.nopcommerce.user.User_04_Search" name="Search_04_InputAbsoluteKeyword" time="1.143"/>
  <testcase classname="com.nopcommerce.user.User_04_Search" name="Search_05_AdvancedSearchWithParentCategories" time="1.632"/>
  <testcase classname="com.nopcommerce.user.User_04_Search" name="Search_06_AdvancedSearchWithSubCategories" time="1.935"/>
  <testcase classname="com.nopcommerce.user.User_04_Search" name="Search_07_AdvancedSearchWithIncorrectManufacturer" time="2.275"/>
  <testcase classname="com.nopcommerce.user.User_04_Search" name="Search_08_AdvancedSearchWithCorrectManufacturer" time="2.17"/>
  <testcase classname="com.nopcommerce.user.User_05_SortAndPaging" name="SortAndPaging_01_SortWithNameAscending" time="0.979"/>
  <testcase classname="com.nopcommerce.user.User_05_SortAndPaging" name="SortAndPaging_02_SortWithNameDescending" time="0.905"/>
  <testcase classname="com.nopcommerce.user.User_05_SortAndPaging" name="SortAndPaging_03_SortWithPriceAscending" time="0.9"/>
  <testcase classname="com.nopcommerce.user.User_05_SortAndPaging" name="SortAndPaging_04_SortWithPriceDescending" time="0.913"/>
  <testcase classname="com.nopcommerce.user.User_05_SortAndPaging" name="SortAndPaging_05_DisplayThreeProductsInPage" time="1.756"/>
  <testcase classname="com.nopcommerce.user.User_05_SortAndPaging" name="SortAndPaging_06_DisplaySixProductsInPage" time="20.881"/>
  <testcase classname="com.nopcommerce.user.User_05_SortAndPaging" name="SortAndPaging_07_DisplayNineProductsInPage" time="20.948"/>
  <testcase classname="com.nopcommerce.user.User_06_WishlistAndCompare" name="WishlistAndCompare_01_AddToWishlist" time="5.845"/>
  <testcase classname="com.nopcommerce.user.User_06_WishlistAndCompare" name="WishlistAndCompare_02_AddProductToCartFromWishlist" time="16.183"/>
  <testcase classname="com.nopcommerce.user.User_06_WishlistAndCompare" name="WishlistAndCompare_03_RemoveProductFromWishlist" time="4.918"/>
  <testcase classname="com.nopcommerce.user.User_06_WishlistAndCompare" name="WishlistAndCompare_04_AddProductToCompare" time="21.574"/>
  <testcase classname="com.nopcommerce.user.User_06_WishlistAndCompare" name="WishlistAndCompare_05_RecentlyViewedProduct" time="6.332"/>
  <testcase classname="com.nopcommerce.user.User_07_Orders" name="Orders_01_AddProductToCart" time="2.204"/>
  <testcase classname="com.nopcommerce.user.User_07_Orders" name="Orders_02_EditProductInShoppingCart" time="11.582"/>
  <testcase classname="com.nopcommerce.user.User_07_Orders" name="Orders_03_RemoveFromCart" time="10.542"/>
  <testcase classname="com.nopcommerce.user.User_07_Orders" name="Orders_04_UpdateShoppingCart" time="18.403"/>
  <testcase classname="com.nopcommerce.user.User_07_Orders" name="Orders_05_Checkout_QueuePaymentMethod" time="25.998"/>
  <testcase classname="com.nopcommerce.user.User_07_Orders" name="Orders_06_Checkout_CardPaymentMethod" time="49.677"/>
  <testcase classname="com.nopcommerce.user.User_07_Orders" name="Orders_07_ReOrder" time="57.786"/>
  <testcase classname="commons.BaseTest" name="@BeforeSuite deleteFileInReport" time="0.0">
    <ignored/>
  </testcase> <!-- @BeforeSuite deleteFileInReport -->
  <testcase classname="commons.BaseTest" name="@BeforeSuite deleteFileInReport" time="0.0">
    <ignored/>
  </testcase> <!-- @BeforeSuite deleteFileInReport -->
  <testcase classname="commons.BaseTest" name="@BeforeSuite deleteFileInReport" time="0.0">
    <ignored/>
  </testcase> <!-- @BeforeSuite deleteFileInReport -->
  <testcase classname="commons.BaseTest" name="@BeforeSuite deleteFileInReport" time="0.0">
    <ignored/>
  </testcase> <!-- @BeforeSuite deleteFileInReport -->
  <testcase classname="commons.BaseTest" name="@BeforeSuite deleteFileInReport" time="0.0">
    <ignored/>
  </testcase> <!-- @BeforeSuite deleteFileInReport -->
  <testcase classname="commons.BaseTest" name="@BeforeSuite deleteFileInReport" time="0.0">
    <ignored/>
  </testcase> <!-- @BeforeSuite deleteFileInReport -->
  <testcase classname="commons.BaseTest" name="@BeforeSuite deleteFileInReport" time="0.0">
    <ignored/>
  </testcase> <!-- @BeforeSuite deleteFileInReport -->
</testsuite> <!-- RUN ON FIREFOX - USER -->
